<?xml version="1.0" encoding="UTF-8"?>
<!-- Generated by org.testng.reporters.JUnitReportReporter -->
<testsuite hostname="DESKTOP-C9UVVOR" failures="0" tests="1" name="tests.AboutUsTest" time="24.953" errors="0" timestamp="2024-12-01T15:53:47 IST" skipped="0">
  <testcase classname="tests.AboutUsTest" name="testOpenAboutUsPage" time="24.953"/>
  <system-out/>
</testsuite> <!-- tests.AboutUsTest -->
