<?xml version="1.0" encoding="UTF-8"?>
<!-- Generated by org.testng.reporters.JUnitReportReporter -->
<testsuite hostname="DESKTOP-C9UVVOR" failures="0" tests="1" name="tests.ContactUsTest" time="1.641" errors="0" timestamp="2024-12-16T16:18:06 IST" skipped="0">
  <testcase classname="tests.ContactUsTest" name="testContactUsFormSubmission" time="1.641"/>
  <system-out/>
</testsuite> <!-- tests.ContactUsTest -->
