<?xml version="1.0" encoding="UTF-8"?>
<!-- Generated by org.testng.reporters.JUnitReportReporter -->
<testsuite hostname="DESKTOP-C9UVVOR" failures="0" tests="1" name="tests.ServicesTest" time="7.626" errors="0" timestamp="2024-12-01T16:12:55 IST" skipped="0">
  <testcase classname="tests.ServicesTest" name="testOpenServicesPage" time="7.626"/>
  <system-out/>
</testsuite> <!-- tests.ServicesTest -->
