<?xml version="1.0" encoding="UTF-8"?>
<!-- Generated by org.testng.reporters.JUnitReportReporter -->
<testsuite hostname="DESKTOP-C9UVVOR" failures="0" tests="1" name="tests.HomeTest" time="20.691" errors="0" timestamp="2024-12-01T15:51:56 IST" skipped="0">
  <testcase classname="tests.HomeTest" name="testOpenHomePage" time="20.691"/>
  <system-out/>
</testsuite> <!-- tests.HomeTest -->
